[2020-06-26T01:56:03+08:00][sql] CONNECT:[ UseTime:0.010001s ] mysql:host=127.0.0.1;port=3306;dbname=student;charset=utf8
[2020-06-26T01:56:03+08:00][sql] SHOW FULL COLUMNS FROM `tp_auth` [ RunTime:0.001000s ]
[2020-06-26T01:56:03+08:00][sql] SELECT `id` FROM `tp_auth` WHERE  `name` = 'admin'  AND `password` = '7c4a8d09ca3762af61e59520943dc26494f8941b' LIMIT 1 [ RunTime:0.000000s ]
[2020-06-26T01:56:03+08:00][sql] CONNECT:[ UseTime:0.010001s ] mysql:host=127.0.0.1;port=3306;dbname=student;charset=utf8
[2020-06-26T01:56:03+08:00][sql] SHOW FULL COLUMNS FROM `tp_auth` [ RunTime:0.001000s ]
[2020-06-26T01:56:03+08:00][sql] SELECT * FROM `tp_auth` WHERE  `name` = 'admin' LIMIT 1 [ RunTime:0.000000s ]
[2020-06-26T01:56:03+08:00][sql] SHOW FULL COLUMNS FROM `tp_role` [ RunTime:0.001000s ]
[2020-06-26T01:56:03+08:00][sql] SHOW FULL COLUMNS FROM `tp_access` [ RunTime:0.001000s ]
[2020-06-26T01:56:03+08:00][sql] SELECT `tp_role`.*,`pivot`.`id` AS `pivot__id`,`pivot`.`auth_id` AS `pivot__auth_id`,`pivot`.`role_id` AS `pivot__role_id` FROM `tp_role` INNER JOIN `tp_access` `pivot` ON `pivot`.`role_id`=`tp_role`.`id` WHERE  `pivot`.`auth_id` = 1 [ RunTime:0.000000s ]
[2020-06-26T01:56:03+08:00][sql] SHOW FULL COLUMNS FROM `tp_user` [ RunTime:0.005000s ]
[2020-06-26T01:56:03+08:00][sql] SELECT COUNT(*) AS think_count FROM `tp_user` [ RunTime:0.000000s ]
[2020-06-26T01:56:03+08:00][sql] SELECT * FROM `tp_user` LIMIT 0,5 [ RunTime:0.001000s ]
[2020-06-26T01:56:03+08:00][sql] SHOW FULL COLUMNS FROM `tp_hobby` [ RunTime:0.003000s ]
[2020-06-26T01:56:03+08:00][sql] SELECT * FROM `tp_hobby` WHERE  `user_id` = 1 LIMIT 1 [ RunTime:0.000000s ]
[2020-06-26T01:56:03+08:00][sql] SELECT * FROM `tp_hobby` WHERE  `user_id` = 2 LIMIT 1 [ RunTime:0.000000s ]
[2020-06-26T01:56:03+08:00][sql] SELECT * FROM `tp_hobby` WHERE  `user_id` = 3 LIMIT 1 [ RunTime:0.001000s ]
[2020-06-26T01:56:03+08:00][sql] SELECT * FROM `tp_hobby` WHERE  `user_id` = 4 LIMIT 1 [ RunTime:0.000000s ]
[2020-06-26T01:56:03+08:00][sql] SELECT * FROM `tp_hobby` WHERE  `user_id` = 5 LIMIT 1 [ RunTime:0.001000s ]
[2020-06-26T01:56:26+08:00][sql] CONNECT:[ UseTime:0.001000s ] mysql:host=127.0.0.1;port=3306;dbname=student;charset=utf8
[2020-06-26T01:56:26+08:00][sql] SHOW FULL COLUMNS FROM `tp_auth` [ RunTime:0.001000s ]
[2020-06-26T01:56:26+08:00][sql] SELECT * FROM `tp_auth` WHERE  `name` = 'admin' LIMIT 1 [ RunTime:0.000000s ]
[2020-06-26T01:56:26+08:00][sql] SHOW FULL COLUMNS FROM `tp_role` [ RunTime:0.001000s ]
[2020-06-26T01:56:26+08:00][sql] SHOW FULL COLUMNS FROM `tp_access` [ RunTime:0.000000s ]
[2020-06-26T01:56:26+08:00][sql] SELECT `tp_role`.*,`pivot`.`id` AS `pivot__id`,`pivot`.`auth_id` AS `pivot__auth_id`,`pivot`.`role_id` AS `pivot__role_id` FROM `tp_role` INNER JOIN `tp_access` `pivot` ON `pivot`.`role_id`=`tp_role`.`id` WHERE  `pivot`.`auth_id` = 1 [ RunTime:0.001001s ]
[2020-06-26T01:56:26+08:00][sql] SHOW FULL COLUMNS FROM `tp_user` [ RunTime:0.003000s ]
[2020-06-26T01:56:26+08:00][sql] SELECT COUNT(*) AS think_count FROM `tp_user` [ RunTime:0.000000s ]
[2020-06-26T01:56:26+08:00][sql] SELECT * FROM `tp_user` LIMIT 0,5 [ RunTime:0.000000s ]
[2020-06-26T01:56:26+08:00][sql] SHOW FULL COLUMNS FROM `tp_hobby` [ RunTime:0.004000s ]
[2020-06-26T01:56:26+08:00][sql] SELECT * FROM `tp_hobby` WHERE  `user_id` = 1 LIMIT 1 [ RunTime:0.000000s ]
[2020-06-26T01:56:26+08:00][sql] SELECT * FROM `tp_hobby` WHERE  `user_id` = 2 LIMIT 1 [ RunTime:0.001000s ]
[2020-06-26T01:56:26+08:00][sql] SELECT * FROM `tp_hobby` WHERE  `user_id` = 3 LIMIT 1 [ RunTime:0.000000s ]
[2020-06-26T01:56:26+08:00][sql] SELECT * FROM `tp_hobby` WHERE  `user_id` = 4 LIMIT 1 [ RunTime:0.000000s ]
[2020-06-26T01:56:26+08:00][sql] SELECT * FROM `tp_hobby` WHERE  `user_id` = 5 LIMIT 1 [ RunTime:0.001000s ]
[2020-06-26T01:56:57+08:00][error] [0]Too few arguments to function think\view\driver\Php::fetch(), 0 passed in C:\wamp\www\tp6demo\app\controller\Role.php on line 9 and at least 1 expected[C:\wamp\www\tp6demo\vendor\topthink\framework\src\think\view\driver\Php.php:72]
[2020-06-26T01:57:05+08:00][error] [0]模板文件不存在:C:\wamp\www\tp6demo\view\role\index.html[C:\wamp\www\tp6demo\vendor\topthink\framework\src\think\view\driver\Php.php:81]
[2020-06-26T01:58:39+08:00][error] [0]模板文件不存在:C:\wamp\www\tp6demo\view\role\index.html[C:\wamp\www\tp6demo\vendor\topthink\framework\src\think\view\driver\Php.php:81]
[2020-06-26T01:58:55+08:00][error] [0]模板文件不存在:./view/rule/index.php[C:\wamp\www\tp6demo\vendor\topthink\framework\src\think\view\driver\Php.php:81]
[2020-06-26T02:02:56+08:00][sql] CONNECT:[ UseTime:0.010001s ] mysql:host=127.0.0.1;port=3306;dbname=student;charset=utf8
[2020-06-26T02:02:56+08:00][sql] SHOW FULL COLUMNS FROM `tp_role` [ RunTime:0.000000s ]
[2020-06-26T02:02:56+08:00][sql] SELECT * FROM `tp_role` [ RunTime:0.001000s ]
[2020-06-26T02:03:17+08:00][sql] CONNECT:[ UseTime:0.010001s ] mysql:host=127.0.0.1;port=3306;dbname=student;charset=utf8
[2020-06-26T02:03:17+08:00][sql] SHOW FULL COLUMNS FROM `tp_role` [ RunTime:0.000000s ]
[2020-06-26T02:03:17+08:00][sql] SELECT * FROM `tp_role` [ RunTime:0.001000s ]
[2020-06-26T02:03:38+08:00][sql] CONNECT:[ UseTime:0.001000s ] mysql:host=127.0.0.1;port=3306;dbname=student;charset=utf8
[2020-06-26T02:03:38+08:00][sql] SHOW FULL COLUMNS FROM `tp_role` [ RunTime:0.001000s ]
[2020-06-26T02:03:38+08:00][sql] SELECT * FROM `tp_role` [ RunTime:0.000000s ]
